# JRE version: OpenJDK Runtime Environment (8.0_152-b02) (build 1.8.0_152-release-1024-b02)
# Java VM: OpenJDK 64-Bit Server VM (25.152-b02 mixed mode windows-amd64 compressed oops)
Heap:
 PSYoungGen      total 204800K, used 31729K [0x00000000e0000000, 0x00000000ef200000, 0x0000000100000000)
  eden space 173056K, 0% used [0x00000000e0000000,0x00000000e0000000,0x00000000ea900000)
  from space 31744K, 99% used [0x00000000eaf80000,0x00000000ece7c500,0x00000000ece80000)
  to   space 36352K, 0% used [0x00000000ece80000,0x00000000ece80000,0x00000000ef200000)
 ParOldGen       total 93184K, used 83629K [0x00000000a0000000, 0x00000000a5b00000, 0x00000000e0000000)
  object space 93184K, 89% used [0x00000000a0000000,0x00000000a51ab7f0,0x00000000a5b00000)
 Metaspace       used 84723K, capacity 89934K, committed 90112K, reserved 1128448K
  class space    used 10799K, capacity 11765K, committed 11776K, reserved 1048576K
GC Heap History (10 events):
Event: 1196.790 GC heap after
Heap after GC invocations=32 (full 3):
 PSYoungGen      total 224768K, used 21990K [0x00000000e0000000, 0x00000000efc00000, 0x0000000100000000)
  eden space 202752K, 0% used [0x00000000e0000000,0x00000000e0000000,0x00000000ec600000)
  from space 22016K, 99% used [0x00000000ece00000,0x00000000ee3798f0,0x00000000ee380000)
  to   space 25088K, 0% used [0x00000000ee380000,0x00000000ee380000,0x00000000efc00000)
 ParOldGen       total 93184K, used 78054K [0x00000000a0000000, 0x00000000a5b00000, 0x00000000e0000000)
  object space 93184K, 83% used [0x00000000a0000000,0x00000000a4c39a48,0x00000000a5b00000)
 Metaspace       used 83126K, capacity 87816K, committed 87936K, reserved 1126400K
  class space    used 10653K, capacity 11552K, committed 11648K, reserved 1048576K
}
Event: 1348.274 GC heap before
{Heap before GC invocations=33 (full 3):
 PSYoungGen      total 224768K, used 224742K [0x00000000e0000000, 0x00000000efc00000, 0x0000000100000000)
  eden space 202752K, 100% used [0x00000000e0000000,0x00000000ec600000,0x00000000ec600000)
  from space 22016K, 99% used [0x00000000ece00000,0x00000000ee3798f0,0x00000000ee380000)
  to   space 25088K, 0% used [0x00000000ee380000,0x00000000ee380000,0x00000000efc00000)
 ParOldGen       total 93184K, used 78054K [0x00000000a0000000, 0x00000000a5b00000, 0x00000000e0000000)
  object space 93184K, 83% used [0x00000000a0000000,0x00000000a4c39a48,0x00000000a5b00000)
 Metaspace       used 83433K, capacity 88252K, committed 88448K, reserved 1126400K
  class space    used 10670K, capacity 11582K, committed 11648K, reserved 1048576K
Event: 1349.240 GC heap after
Heap after GC invocations=33 (full 3):
 PSYoungGen      total 212480K, used 17440K [0x00000000e0000000, 0x00000000ef500000, 0x0000000100000000)
  eden space 194560K, 0% used [0x00000000e0000000,0x00000000e0000000,0x00000000ebe00000)
  from space 17920K, 97% used [0x00000000ee380000,0x00000000ef488078,0x00000000ef500000)
  to   space 28160K, 0% used [0x00000000ebe00000,0x00000000ebe00000,0x00000000ed980000)
 ParOldGen       total 93184K, used 80782K [0x00000000a0000000, 0x00000000a5b00000, 0x00000000e0000000)
  object space 93184K, 86% used [0x00000000a0000000,0x00000000a4ee3a98,0x00000000a5b00000)
 Metaspace       used 83433K, capacity 88252K, committed 88448K, reserved 1126400K
  class space    used 10670K, capacity 11582K, committed 11648K, reserved 1048576K
}
Event: 3339.003 GC heap before
{Heap before GC invocations=34 (full 3):
 PSYoungGen      total 212480K, used 212000K [0x00000000e0000000, 0x00000000ef500000, 0x0000000100000000)
  eden space 194560K, 100% used [0x00000000e0000000,0x00000000ebe00000,0x00000000ebe00000)
  from space 17920K, 97% used [0x00000000ee380000,0x00000000ef488078,0x00000000ef500000)
  to   space 28160K, 0% used [0x00000000ebe00000,0x00000000ebe00000,0x00000000ed980000)
 ParOldGen       total 93184K, used 80782K [0x00000000a0000000, 0x00000000a5b00000, 0x00000000e0000000)
  object space 93184K, 86% used [0x00000000a0000000,0x00000000a4ee3a98,0x00000000a5b00000)
 Metaspace       used 83677K, capacity 88556K, committed 88704K, reserved 1126400K
  class space    used 10675K, capacity 11588K, committed 11648K, reserved 1048576K
Event: 3345.057 GC heap after
Heap after GC invocations=34 (full 3):
 PSYoungGen      total 212480K, used 25513K [0x00000000e0000000, 0x00000000ef480000, 0x0000000100000000)
  eden space 186880K, 0% used [0x00000000e0000000,0x00000000e0000000,0x00000000eb680000)
  from space 25600K, 99% used [0x00000000ebe00000,0x00000000ed6ea420,0x00000000ed700000)
  to   space 30208K, 0% used [0x00000000ed700000,0x00000000ed700000,0x00000000ef480000)
 ParOldGen       total 93184K, used 80790K [0x00000000a0000000, 0x00000000a5b00000, 0x00000000e0000000)
  object space 93184K, 86% used [0x00000000a0000000,0x00000000a4ee5a98,0x00000000a5b00000)
 Metaspace       used 83677K, capacity 88556K, committed 88704K, reserved 1126400K
  class space    used 10675K, capacity 11588K, committed 11648K, reserved 1048576K
}
Event: 8125.033 GC heap before
{Heap before GC invocations=35 (full 3):
 PSYoungGen      total 212480K, used 212393K [0x00000000e0000000, 0x00000000ef480000, 0x0000000100000000)
  eden space 186880K, 100% used [0x00000000e0000000,0x00000000eb680000,0x00000000eb680000)
  from space 25600K, 99% used [0x00000000ebe00000,0x00000000ed6ea420,0x00000000ed700000)
  to   space 30208K, 0% used [0x00000000ed700000,0x00000000ed700000,0x00000000ef480000)
 ParOldGen       total 93184K, used 80790K [0x00000000a0000000, 0x00000000a5b00000, 0x00000000e0000000)
  object space 93184K, 86% used [0x00000000a0000000,0x00000000a4ee5a98,0x00000000a5b00000)
 Metaspace       used 83944K, capacity 89034K, committed 89344K, reserved 1126400K
  class space    used 10712K, capacity 11657K, committed 11776K, reserved 1048576K
Event: 8132.634 GC heap after
Heap after GC invocations=35 (full 3):
 PSYoungGen      total 202752K, used 18313K [0x00000000e0000000, 0x00000000eed80000, 0x0000000100000000)
  eden space 179712K, 0% used [0x00000000e0000000,0x00000000e0000000,0x00000000eaf80000)
  from space 23040K, 79% used [0x00000000ed700000,0x00000000ee8e2400,0x00000000eed80000)
  to   space 31744K, 0% used [0x00000000eaf80000,0x00000000eaf80000,0x00000000ece80000)
 ParOldGen       total 93184K, used 80798K [0x00000000a0000000, 0x00000000a5b00000, 0x00000000e0000000)
  object space 93184K, 86% used [0x00000000a0000000,0x00000000a4ee7a98,0x00000000a5b00000)
 Metaspace       used 83944K, capacity 89034K, committed 89344K, reserved 1126400K
  class space    used 10712K, capacity 11657K, committed 11776K, reserved 1048576K
}
Event: 8224.314 GC heap before
{Heap before GC invocations=36 (full 3):
 PSYoungGen      total 202752K, used 198025K [0x00000000e0000000, 0x00000000eed80000, 0x0000000100000000)
  eden space 179712K, 100% used [0x00000000e0000000,0x00000000eaf80000,0x00000000eaf80000)
  from space 23040K, 79% used [0x00000000ed700000,0x00000000ee8e2400,0x00000000eed80000)
  to   space 31744K, 0% used [0x00000000eaf80000,0x00000000eaf80000,0x00000000ece80000)
 ParOldGen       total 93184K, used 80798K [0x00000000a0000000, 0x00000000a5b00000, 0x00000000e0000000)
  object space 93184K, 86% used [0x00000000a0000000,0x00000000a4ee7a98,0x00000000a5b00000)
 Metaspace       used 84723K, capacity 89934K, committed 90112K, reserved 1128448K
  class space    used 10799K, capacity 11765K, committed 11776K, reserved 1048576K
Event: 8224.967 GC heap after
Heap after GC invocations=36 (full 3):
 PSYoungGen      total 204800K, used 31729K [0x00000000e0000000, 0x00000000ef200000, 0x0000000100000000)
  eden space 173056K, 0% used [0x00000000e0000000,0x00000000e0000000,0x00000000ea900000)
  from space 31744K, 99% used [0x00000000eaf80000,0x00000000ece7c500,0x00000000ece80000)
  to   space 36352K, 0% used [0x00000000ece80000,0x00000000ece80000,0x00000000ef200000)
 ParOldGen       total 93184K, used 83629K [0x00000000a0000000, 0x00000000a5b00000, 0x00000000e0000000)
  object space 93184K, 89% used [0x00000000a0000000,0x00000000a51ab7f0,0x00000000a5b00000)
 Metaspace       used 84723K, capacity 89934K, committed 90112K, reserved 1128448K
  class space    used 10799K, capacity 11765K, committed 11776K, reserved 1048576K
}
Event: 8224.981 GC heap before
{Heap before GC invocations=37 (full 4):
 PSYoungGen      total 204800K, used 31729K [0x00000000e0000000, 0x00000000ef200000, 0x0000000100000000)
  eden space 173056K, 0% used [0x00000000e0000000,0x00000000e0000000,0x00000000ea900000)
  from space 31744K, 99% used [0x00000000eaf80000,0x00000000ece7c500,0x00000000ece80000)
  to   space 36352K, 0% used [0x00000000ece80000,0x00000000ece80000,0x00000000ef200000)
 ParOldGen       total 93184K, used 83629K [0x00000000a0000000, 0x00000000a5b00000, 0x00000000e0000000)
  object space 93184K, 89% used [0x00000000a0000000,0x00000000a51ab7f0,0x00000000a5b00000)
 Metaspace       used 84723K, capacity 89934K, committed 90112K, reserved 1128448K
  class space    used 10799K, capacity 11765K, committed 11776K, reserved 1048576K

